<?xml version="1.0" encoding="UTF-8"?>
<!-- Generated by org.testng.reporters.JUnitReportReporter -->
<testsuite hostname="DESKTOP-2BBRFIV" failures="0" tests="3" name="DataProviders.WorkingWithMultiReadFromFile" time="0.014" errors="0" timestamp="2022-08-23T10:16:18 IST" skipped="0">
  <testcase classname="DataProviders.WorkingWithMultiReadFromFile" name="loginTestCase" time="0.011"/>
  <system-out/>
  <testcase classname="DataProviders.WorkingWithMultiReadFromFile" name="loginTestCase" time="0.002"/>
  <system-out/>
  <testcase classname="DataProviders.WorkingWithMultiReadFromFile" name="loginTestCase" time="0.001"/>
  <system-out/>
</testsuite> <!-- DataProviders.WorkingWithMultiReadFromFile -->
