<?xml version="1.0" encoding="UTF-8"?>
<!-- Generated by org.testng.reporters.JUnitReportReporter -->
<testsuite hostname="DESKTOP-2BBRFIV" failures="0" tests="4" name="testNgTraining.TestCase05" time="6.878" errors="0" timestamp="2022-08-22T13:12:46 IST" skipped="0">
  <testcase classname="testNgTraining.TestCase05" name="launchEdge" time="6.860"/>
  <system-out/>
  <testcase classname="testNgTraining.TestCase05" name="honda" time="0.004"/>
  <system-out/>
  <testcase classname="testNgTraining.TestCase05" name="bmw" time="0.010"/>
  <system-out/>
  <testcase classname="testNgTraining.TestCase05" name="motard" time="0.004"/>
  <system-out/>
</testsuite> <!-- testNgTraining.TestCase05 -->
