<?xml version="1.0" encoding="UTF-8"?>
<!-- Generated by org.testng.reporters.JUnitReportReporter -->
<testsuite hostname="DESKTOP-2BBRFIV" failures="0" tests="3" name="testNgTraining.TestCase01" time="2.967" errors="0" timestamp="2022-08-20T13:18:55 IST" skipped="0">
  <testcase classname="testNgTraining.TestCase01" name="application" time="0.020"/>
  <system-out/>
  <testcase classname="testNgTraining.TestCase01" name="elf36" time="0.002"/>
  <system-out/>
  <testcase classname="testNgTraining.TestCase01" name="launchBrowser" time="2.945"/>
  <system-out/>
</testsuite> <!-- testNgTraining.TestCase01 -->
