<?xml version="1.0" encoding="UTF-8"?>
<!-- Generated by org.testng.reporters.JUnitReportReporter -->
<testsuite hostname="DESKTOP-2BBRFIV" failures="0" tests="8" name="testNgTraining.TestCase04" time="7.303" errors="0" timestamp="2022-08-22T13:12:46 IST" skipped="0">
  <testcase classname="testNgTraining.TestCase04" name="launchChrome" time="7.273"/>
  <system-out/>
  <testcase classname="testNgTraining.TestCase04" name="omeg" time="0.003"/>
  <system-out/>
  <testcase classname="testNgTraining.TestCase04" name="ducati" time="0.006"/>
  <system-out/>
  <testcase classname="testNgTraining.TestCase04" name="hypermotard" time="0.002"/>
  <system-out/>
  <testcase classname="testNgTraining.TestCase04" name="alphabet" time="0.002"/>
  <system-out/>
  <testcase classname="testNgTraining.TestCase04" name="beta" time="0.004"/>
  <system-out/>
  <testcase classname="testNgTraining.TestCase04" name="beta" time="0.008"/>
  <system-out/>
  <testcase classname="testNgTraining.TestCase04" name="beta" time="0.005"/>
  <system-out/>
</testsuite> <!-- testNgTraining.TestCase04 -->
