<?xml version="1.0" encoding="UTF-8"?>
<!-- Generated by org.testng.reporters.JUnitReportReporter -->
<testsuite hostname="DESKTOP-2BBRFIV" failures="0" tests="3" name="DataProviders.LearningDataProviders" time="0.024" errors="0" timestamp="2022-08-23T09:49:14 IST" skipped="0">
  <testcase classname="DataProviders.LearningDataProviders" name="loginTestCase" time="0.018"/>
  <system-out/>
  <testcase classname="DataProviders.LearningDataProviders" name="loginTestCase" time="0.003"/>
  <system-out/>
  <testcase classname="DataProviders.LearningDataProviders" name="loginTestCase" time="0.003"/>
  <system-out/>
</testsuite> <!-- DataProviders.LearningDataProviders -->
