<?xml version="1.0" encoding="UTF-8"?>
<!-- Generated by org.testng.reporters.JUnitReportReporter -->
<testsuite hostname="DESKTOP-2BBRFIV" failures="0" tests="2" name="DataProviders.MultiReadLogin" time="8.597" errors="0" timestamp="2022-08-23T13:01:09 IST" skipped="0">
  <testcase classname="DataProviders.MultiReadLogin" name="testCase" time="8.453"/>
  <system-out>
    <![CDATA[logged-in]]>
  </system-out>
  <testcase classname="DataProviders.MultiReadLogin" name="testcase" time="0.144"/>
  <system-out/>
</testsuite> <!-- DataProviders.MultiReadLogin -->
