<?xml version="1.0" encoding="UTF-8"?>
<!-- Generated by org.testng.reporters.JUnitReportReporter -->
<testsuite hostname="DESKTOP-2BBRFIV" failures="0" tests="2" name="testNgTraining.TestCase03" time="26.772" errors="0" timestamp="2022-08-20T13:18:55 IST" skipped="0">
  <testcase classname="testNgTraining.TestCase03" name="rightClick" time="11.434"/>
  <system-out/>
  <testcase classname="testNgTraining.TestCase03" name="actionClass" time="15.338"/>
  <system-out/>
</testsuite> <!-- testNgTraining.TestCase03 -->
